[INFO] Scanning for projects...
[INFO]                                                                         
[INFO] ------------------------------------------------------------------------
[INFO] Building Turn Proxy Service develop-SNAPSHOT
[INFO] ------------------------------------------------------------------------
[INFO] 
[INFO] --- maven-clean-plugin:2.5:clean (default-clean) @ gateway.service.turn.proxy ---
[INFO] Deleting D:\newKaazing\my_repos\gateway\service\turn.proxy\target
[INFO] 
[INFO] --- maven-enforcer-plugin:1.3.1:enforce (default-enforce) @ gateway.service.turn.proxy ---
[INFO] Skipping Rule Enforcement.
[INFO] 
[INFO] --- license-maven-plugin:1.0.0.11:verify-notice (default) @ gateway.service.turn.proxy ---
[INFO] 
[INFO] --- maven-checkstyle-plugin:2.13:check (default) @ gateway.service.turn.proxy ---
[INFO] 
[INFO] --- license-maven-plugin:2.11:check (default) @ gateway.service.turn.proxy ---
[INFO] Checking licenses...
[INFO] 
[INFO] --- maven-dependency-plugin:2.8:unpack-dependencies (unpack-truststore) @ gateway.service.turn.proxy ---
[INFO] Unpacking C:\Users\apirvu\.m2\repository\org\kaazing\gateway.test.ca\1.0.0.24\gateway.test.ca-1.0.0.24-keystore.jar to D:\newKaazing\my_repos\gateway\service\turn.proxy\target\truststore with includes "" and excludes ""
[INFO] 
[INFO] --- maven-resources-plugin:2.6:resources (default-resources) @ gateway.service.turn.proxy ---
[INFO] Using 'UTF-8' encoding to copy filtered resources.
[INFO] Copying 1 resource
[INFO] 
[INFO] --- maven-compiler-plugin:3.1:compile (default-compile) @ gateway.service.turn.proxy ---
[INFO] Changes detected - recompiling the module!
[INFO] Compiling 29 source files to D:\newKaazing\my_repos\gateway\service\turn.proxy\target\classes
[INFO] 
[INFO] --- animal-sniffer-maven-plugin:1.14:check (default-animal-sniffer) @ gateway.service.turn.proxy ---
[INFO] Checking unresolved references to org.kaazing.mojo.signature:java18:1.0
[INFO] 
[INFO] --- maven-resources-plugin:2.6:testResources (default-testResources) @ gateway.service.turn.proxy ---
[INFO] Using 'UTF-8' encoding to copy filtered resources.
[INFO] Copying 2 resources
[INFO] 
[INFO] --- maven-compiler-plugin:3.1:testCompile (default-testCompile) @ gateway.service.turn.proxy ---
[INFO] Changes detected - recompiling the module!
[INFO] Compiling 6 source files to D:\newKaazing\my_repos\gateway\service\turn.proxy\target\test-classes
[INFO] 
[INFO] --- maven-surefire-plugin:2.19:test (default-test) @ gateway.service.turn.proxy ---

-------------------------------------------------------
 T E S T S
-------------------------------------------------------
Running org.kaazing.gateway.service.turn.proxy.stun.attributes.AttributeTest
Tests run: 25, Failures: 0, Errors: 0, Skipped: 0, Time elapsed: 0.094 sec - in org.kaazing.gateway.service.turn.proxy.stun.attributes.AttributeTest

Results :

Tests run: 25, Failures: 0, Errors: 0, Skipped: 0

[INFO] 
[INFO] --- maven-jar-plugin:2.4:jar (default-jar) @ gateway.service.turn.proxy ---
[INFO] Building jar: D:\newKaazing\my_repos\gateway\service\turn.proxy\target\gateway.service.turn.proxy-develop-SNAPSHOT.jar
[INFO] 
[INFO] --- k3po-maven-plugin:3.0.0-alpha-41:start (default) @ gateway.service.turn.proxy ---
[INFO] K3PO started
[INFO] 
[INFO] --- maven-failsafe-plugin:2.19.1:integration-test (default) @ gateway.service.turn.proxy ---

-------------------------------------------------------
 T E S T S
-------------------------------------------------------
Running org.kaazing.gateway.service.turn.proxy.AllocationsIT
shouldRespond441ToWrongCredentials[0](org.kaazing.gateway.service.turn.proxy.AllocationsIT) starting
AllocationsIT.shouldRespond441ToWrongCredentials[0] success (1.77 secs)
shouldRespond400ToAllocateWithNoRequestedTransportAttribute[0](org.kaazing.gateway.service.turn.proxy.AllocationsIT) starting
AllocationsIT.shouldRespond400ToAllocateWithNoRequestedTransportAttribute[0] success (0.19 secs)
shouldRespond420ToExtraBytes[0](org.kaazing.gateway.service.turn.proxy.AllocationsIT) starting
AllocationsIT.shouldRespond420ToExtraBytes[0] success (0.18 secs)
shouldRespondWithTwo401sWhenGivenAllocateMethodsWithNoCred[0](org.kaazing.gateway.service.turn.proxy.AllocationsIT) starting
AllocationsIT.shouldRespondWithTwo401sWhenGivenAllocateMethodsWithNoCred[0] success (0.32 secs)
shouldSucceedWithOnlyTransportAttribute[0](org.kaazing.gateway.service.turn.proxy.AllocationsIT) starting
AllocationsIT.shouldSucceedWithOnlyTransportAttribute[0] success (0.26 secs)
shouldRespond437ToMultipleConnectionsWithSameCredentials[0](org.kaazing.gateway.service.turn.proxy.AllocationsIT) starting
AllocationsIT.shouldRespond437ToMultipleConnectionsWithSameCredentials[0] success (0.37 secs)
shouldSucceedWithGenericSTUNHeader[0](org.kaazing.gateway.service.turn.proxy.AllocationsIT) starting
AllocationsIT.shouldSucceedWithGenericSTUNHeader[0] success (0.17 secs)
shouldGive400WithIncorrectLength[0](org.kaazing.gateway.service.turn.proxy.AllocationsIT) starting
AllocationsIT.shouldGive400WithIncorrectLength[0] success (0.09 secs)
shouldSucceedWithCorrectAllocation[0](org.kaazing.gateway.service.turn.proxy.AllocationsIT) starting
AllocationsIT.shouldSucceedWithCorrectAllocation[0] success (0.17 secs)
shouldRespond441ToWrongCredentials[1](org.kaazing.gateway.service.turn.proxy.AllocationsIT) starting
AllocationsIT.shouldRespond441ToWrongCredentials[1] success (0.41 secs)
shouldRespond400ToAllocateWithNoRequestedTransportAttribute[1](org.kaazing.gateway.service.turn.proxy.AllocationsIT) starting
AllocationsIT.shouldRespond400ToAllocateWithNoRequestedTransportAttribute[1] success (0.35 secs)
shouldRespond420ToExtraBytes[1](org.kaazing.gateway.service.turn.proxy.AllocationsIT) starting
AllocationsIT.shouldRespond420ToExtraBytes[1] success (0.28 secs)
shouldRespondWithTwo401sWhenGivenAllocateMethodsWithNoCred[1](org.kaazing.gateway.service.turn.proxy.AllocationsIT) starting
AllocationsIT.shouldRespondWithTwo401sWhenGivenAllocateMethodsWithNoCred[1] success (0.31 secs)
shouldSucceedWithOnlyTransportAttribute[1](org.kaazing.gateway.service.turn.proxy.AllocationsIT) starting
AllocationsIT.shouldSucceedWithOnlyTransportAttribute[1] success (0.32 secs)
shouldRespond437ToMultipleConnectionsWithSameCredentials[1](org.kaazing.gateway.service.turn.proxy.AllocationsIT) starting
AllocationsIT.shouldRespond437ToMultipleConnectionsWithSameCredentials[1] success (0.39 secs)
shouldSucceedWithGenericSTUNHeader[1](org.kaazing.gateway.service.turn.proxy.AllocationsIT) starting
AllocationsIT.shouldSucceedWithGenericSTUNHeader[1] success (0.23 secs)
shouldGive400WithIncorrectLength[1](org.kaazing.gateway.service.turn.proxy.AllocationsIT) starting
K3po Script Runner is sending an abort!
 Aborts may cause K3po to falsely fail the test if K3po
is still processing a backlog of messages.  This is often the case in junit tests that have low
timeout exceptions (less than 5 secs) and are running on somewhat limited hardware (travis CI and build machines)
see https://github.com/k3po/k3po/issues/332 for more details
[INFO] ABORT
AllocationsIT.shouldGive400WithIncorrectLength[1] FAILED with exception org.junit.ComparisonFailure: Specified behavior did not match expected:<...accept ${acceptURI}
[accepted
connected]

# Bad request shou...> but was:<...accept ${acceptURI}
[]

# Bad request shou...> (10.40 secs)
org.junit.ComparisonFailure: Specified behavior did not match expected:<...accept ${acceptURI}
[accepted
connected]

# Bad request shou...> but was:<...accept ${acceptURI}
[]

# Bad request shou...>
	at org.junit.Assert.assertEquals(Assert.java:115)
	at org.kaazing.k3po.junit.rules.SpecificationStatement.evaluate(SpecificationStatement.java:94)
	at org.junit.rules.Verifier$1.evaluate(Verifier.java:35)
	at org.kaazing.gateway.server.test.GatewayRule$GatewayStatement.evaluate(GatewayRule.java:74)
	at org.junit.rules.TestWatcher$1.evaluate(TestWatcher.java:55)
	at org.junit.rules.RunRules.evaluate(RunRules.java:20)
	at org.junit.runners.ParentRunner.runLeaf(ParentRunner.java:325)
	at org.junit.runners.BlockJUnit4ClassRunner.runChild(BlockJUnit4ClassRunner.java:78)
	at org.junit.runners.BlockJUnit4ClassRunner.runChild(BlockJUnit4ClassRunner.java:57)
	at org.junit.runners.ParentRunner$3.run(ParentRunner.java:290)
	at org.junit.runners.ParentRunner$1.schedule(ParentRunner.java:71)
	at org.junit.runners.ParentRunner.runChildren(ParentRunner.java:288)
	at org.junit.runners.ParentRunner.access$000(ParentRunner.java:58)
	at org.junit.runners.ParentRunner$2.evaluate(ParentRunner.java:268)
	at org.junit.runners.ParentRunner.run(ParentRunner.java:363)
	at org.junit.runners.Suite.runChild(Suite.java:128)
	at org.junit.runners.Suite.runChild(Suite.java:27)
	at org.junit.runners.ParentRunner$3.run(ParentRunner.java:290)
	at org.junit.runners.ParentRunner$1.schedule(ParentRunner.java:71)
	at org.junit.runners.ParentRunner.runChildren(ParentRunner.java:288)
	at org.junit.runners.ParentRunner.access$000(ParentRunner.java:58)
	at org.junit.runners.ParentRunner$2.evaluate(ParentRunner.java:268)
	at org.junit.runners.ParentRunner.run(ParentRunner.java:363)
	at org.apache.maven.surefire.junit4.JUnit4Provider.execute(JUnit4Provider.java:367)
	at org.apache.maven.surefire.junit4.JUnit4Provider.executeWithRerun(JUnit4Provider.java:274)
	at org.apache.maven.surefire.junit4.JUnit4Provider.executeTestSet(JUnit4Provider.java:238)
	at org.apache.maven.surefire.junit4.JUnit4Provider.invoke(JUnit4Provider.java:161)
	at org.apache.maven.surefire.booter.ForkedBooter.invokeProviderInSameClassLoader(ForkedBooter.java:290)
	at org.apache.maven.surefire.booter.ForkedBooter.runSuitesInProcess(ForkedBooter.java:242)
	at org.apache.maven.surefire.booter.ForkedBooter.main(ForkedBooter.java:121)
Caused by: org.junit.runners.model.TestTimedOutException: test timed out after 10 seconds
	at sun.misc.Unsafe.park(Native Method)
	at java.util.concurrent.locks.LockSupport.park(LockSupport.java:175)
	at java.util.concurrent.locks.AbstractQueuedSynchronizer.parkAndCheckInterrupt(AbstractQueuedSynchronizer.java:836)
	at java.util.concurrent.locks.AbstractQueuedSynchronizer.doAcquireSharedInterruptibly(AbstractQueuedSynchronizer.java:997)
	at java.util.concurrent.locks.AbstractQueuedSynchronizer.acquireSharedInterruptibly(AbstractQueuedSynchronizer.java:1304)
	at java.util.concurrent.CountDownLatch.await(CountDownLatch.java:231)
	at org.kaazing.k3po.junit.rules.Latch.awaitFinished(Latch.java:122)
	at org.kaazing.k3po.junit.rules.K3poRule.finish(K3poRule.java:174)
	at org.kaazing.gateway.service.turn.proxy.AllocationsIT.shouldGive400WithIncorrectLength(AllocationsIT.java:165)
	at sun.reflect.NativeMethodAccessorImpl.invoke0(Native Method)
	at sun.reflect.NativeMethodAccessorImpl.invoke(NativeMethodAccessorImpl.java:62)
	at sun.reflect.DelegatingMethodAccessorImpl.invoke(DelegatingMethodAccessorImpl.java:43)
	at java.lang.reflect.Method.invoke(Method.java:497)
	at org.junit.runners.model.FrameworkMethod$1.runReflectiveCall(FrameworkMethod.java:50)
	at org.junit.internal.runners.model.ReflectiveCallable.run(ReflectiveCallable.java:12)
	at org.junit.runners.model.FrameworkMethod.invokeExplosively(FrameworkMethod.java:47)
	at org.junit.internal.runners.statements.InvokeMethod.evaluate(InvokeMethod.java:17)
	at org.junit.internal.runners.statements.FailOnTimeout$CallableStatement.call(FailOnTimeout.java:298)
	at org.junit.internal.runners.statements.FailOnTimeout$CallableStatement.call(FailOnTimeout.java:292)
	at java.util.concurrent.FutureTask.run(FutureTask.java:266)
	at java.lang.Thread.run(Thread.java:745)
=================== BEGIN STORED LOG MESSAGES ===========================
Printing last 66 of 66 log messages
5473 org.kaazing.gateway.service.proxy.AbstractProxyHandler [main] DEBUG AbstractProxyHandler  - Proxy handler org.kaazing.gateway.service.turn.proxy.TurnProxyAcceptHandler@71c27ee8: maximum.pending.bytes=64000, using resume threshold 32000
5473 org.kaazing.gateway.service.proxy.AbstractProxyHandler [main] DEBUG AbstractProxyHandler  - Proxy handler org.kaazing.gateway.service.turn.proxy.TurnProxyConnectHandler@3e7dd664: maximum.pending.bytes=64000, using resume threshold 32000
5473 org.kaazing.gateway.service.proxy.AbstractProxyHandler [main] DEBUG AbstractProxyHandler  - Proxy handler org.kaazing.gateway.service.turn.proxy.TurnProxyAcceptHandler@71c27ee8: maximum.transferred.bytes=-1.
5473 org.kaazing.gateway.service.proxy.AbstractProxyHandler [main] DEBUG AbstractProxyHandler  - Proxy handler org.kaazing.gateway.service.turn.proxy.TurnProxyAcceptHandler@71c27ee8: maximum.recovery.interval=0.
5474 org.kaazing.gateway.service.proxy.AbstractProxyHandler [main] DEBUG AbstractProxyHandler  - Proxy handler org.kaazing.gateway.service.turn.proxy.TurnProxyAcceptHandler@71c27ee8: prepared.connection.count=0.
5474 org.kaazing.gateway.server.context.resolve.DefaultAcceptOptionsContext [main] TRACE DefaultAcceptOptionsContext  - Accept options map = {supportedProtocols=[Ljava.lang.String;@294a6b8e, ws.inactivityTimeout=0, ws[ws/rfc6455].ws[ws/rfc6455].inactivityTimeout=0, ws[ws/draft-7x].ws[ws/draft-7x].inactivityTimeout=0, ws.extensions=[x-kaazing-ping-pong, null], ws[ws/rfc6455].ws[ws/rfc6455].extensions=[x-kaazing-ping-pong, null], ws[ws/draft-7x].ws[ws/draft-7x].extensions=[x-kaazing-ping-pong, null], ws.maxMessageSize=131072, ws[ws/rfc6455].ws[ws/rfc6455].maxMessageSize=131072, ws[ws/draft-7x].ws[ws/draft-7x].maxMessageSize=131072, http[http/1.1].keepAliveTimeout=30, ssl.encryptionEnabled=true, http.serverHeaderEnabled=true, ssl.wantClientAuth=false, ssl.needClientAuth=false, tcp.maximumOutboundRate=4294967295}
5487 org.kaazing.gateway.transport.nio.internal.AbstractNioAcceptor [main] INFO  AbstractNioAcceptor  - Bound to resource: udp://127.0.0.1:3478
5487 org.kaazing.gateway.transport.nio.internal.AbstractNioAcceptor [main] INFO  AbstractNioAcceptor  - Bound to resource: udp://[0:0:0:0:0:0:0:1]:3478
5488 ha [main] DEBUG ha  - Exit Bind
5488 org.kaazing.gateway.server.context.resolve.DefaultConnectOptionsContext [main] TRACE DefaultConnectOptionsContext  - Connect options map = {protocolVersion=RFC_6455, ws.inactivityTimeout=0, http[http/1.1].keepAliveTimeout=30, http[http/1.1].keepAlive=true, ssl.encryptionEnabled=true, ssl.wantClientAuth=false, ssl.needClientAuth=false}
5488 org.kaazing.gateway.server.Gateway [main] INFO  Gateway  - Starting server
5488 org.kaazing.gateway.server.Gateway [main] INFO  Gateway  - Starting services
5488 org.kaazing.gateway.server.Gateway [main] INFO  Gateway  -   udp://localhost:3478
5488 org.kaazing.gateway.server.Gateway [main] INFO  Gateway  - Started services
5488 org.kaazing.gateway.server.Gateway [main] INFO  Gateway  - Started server successfully in 0.015 secs at 2016-09-05 16:13:35
5488 ha [main] DEBUG ha  - Exit Gateway launcher initInternal
5510 org.kaazing.gateway.service.proxy.AbstractProxyHandler [New I/O worker #287] DEBUG AbstractProxyHandler  - [33] session created ((#00000033: kaazing niodatagramchannel, server, /127.0.0.1:51126 => /127.0.0.1:3478))
5510 transport.udp.accept [New I/O worker #287] INFO  accept  - [udp#33 127.0.0.1:51126] OPENED: (#00000033: kaazing niodatagramchannel, server, /127.0.0.1:51126 => /127.0.0.1:3478)
5510 org.kaazing.gateway.server.context.resolve.DefaultConnectOptionsContext [New I/O worker #287] TRACE DefaultConnectOptionsContext  - Connect options map = {protocolVersion=RFC_6455, ws.inactivityTimeout=0, http[http/1.1].keepAliveTimeout=30, http[http/1.1].keepAlive=true, ssl.encryptionEnabled=true, ssl.wantClientAuth=false, ssl.needClientAuth=false}
5510 transport.udp.connect [New I/O worker #287] TRACE connect  - AbstractNioConnector.init()
5528 transport.udp.connect [New I/O worker #287] TRACE connect  - AbstractNioConnector.connectInternal(), resource: udp://127.0.0.1:3479
5529 org.kaazing.mina.filter.codec.ProtocolCodecFilter [New I/O worker #287] DEBUG ProtocolCodecFilter  - Processing a MESSAGE_RECEIVED for session 33
5529 service.turn.proxy [New I/O worker #287] TRACE proxy  - Decoding STUN message: HeapBuffer[pos=0 lim=4 cap=4: 00 03 00 14]
5529 org.kaazing.mina.filter.codec.ProtocolCodecFilter [New I/O worker #287] DEBUG ProtocolCodecFilter  - Processing a MESSAGE_RECEIVED for session 33
5529 service.turn.proxy [New I/O worker #287] TRACE proxy  - Decoding STUN message: HeapBuffer[pos=0 lim=8 cap=8: 00 03 00 14 21 12 A4 42]
5529 org.kaazing.mina.filter.codec.ProtocolCodecFilter [New I/O worker #287] DEBUG ProtocolCodecFilter  - Processing a MESSAGE_RECEIVED for session 33
5529 service.turn.proxy [New I/O worker #287] TRACE proxy  - Decoding STUN message: HeapBuffer[pos=0 lim=20 cap=32: 00 03 00 14 21 12 A4 42 FF 99 31 DF 82 6B 6F F8...]
5529 service.turn.proxy [New I/O worker #287] TRACE proxy  - Message has 0 bytes remaining, which is less than declared length of: 20
5529 org.kaazing.mina.filter.codec.ProtocolCodecFilter [New I/O worker #287] DEBUG ProtocolCodecFilter  - Processing a MESSAGE_RECEIVED for session 33
5529 service.turn.proxy [New I/O worker #287] TRACE proxy  - Decoding STUN message: HeapBuffer[pos=0 lim=24 cap=32: 00 03 00 14 21 12 A4 42 FF 99 31 DF 82 6B 6F F8...]
5529 service.turn.proxy [New I/O worker #287] TRACE proxy  - Message has 4 bytes remaining, which is less than declared length of: 20
5529 org.kaazing.mina.filter.codec.ProtocolCodecFilter [New I/O worker #287] DEBUG ProtocolCodecFilter  - Processing a MESSAGE_RECEIVED for session 33
5529 service.turn.proxy [New I/O worker #287] TRACE proxy  - Decoding STUN message: HeapBuffer[pos=0 lim=28 cap=32: 00 03 00 14 21 12 A4 42 FF 99 31 DF 82 6B 6F F8...]
5529 service.turn.proxy [New I/O worker #287] TRACE proxy  - Message has 8 bytes remaining, which is less than declared length of: 20
5529 org.kaazing.mina.filter.codec.ProtocolCodecFilter [New I/O worker #287] DEBUG ProtocolCodecFilter  - Processing a MESSAGE_RECEIVED for session 33
5529 service.turn.proxy [New I/O worker #287] TRACE proxy  - Decoding STUN message: HeapBuffer[pos=0 lim=32 cap=32: 00 03 00 14 21 12 A4 42 FF 99 31 DF 82 6B 6F F8...]
5529 service.turn.proxy [New I/O worker #287] TRACE proxy  - Message has 12 bytes remaining, which is less than declared length of: 20
5529 org.kaazing.mina.filter.codec.ProtocolCodecFilter [New I/O worker #287] DEBUG ProtocolCodecFilter  - Processing a MESSAGE_RECEIVED for session 33
5529 service.turn.proxy [New I/O worker #287] TRACE proxy  - Decoding STUN message: HeapBuffer[pos=0 lim=36 cap=64: 00 03 00 14 21 12 A4 42 FF 99 31 DF 82 6B 6F F8...]
5529 service.turn.proxy [New I/O worker #287] TRACE proxy  - Message has 16 bytes remaining, which is less than declared length of: 20
5529 org.kaazing.mina.filter.codec.ProtocolCodecFilter [New I/O worker #287] DEBUG ProtocolCodecFilter  - Processing a MESSAGE_RECEIVED for session 33
5529 service.turn.proxy [New I/O worker #287] TRACE proxy  - Decoding STUN message: HeapBuffer[pos=0 lim=40 cap=64: 00 03 00 14 21 12 A4 42 FF 99 31 DF 82 6B 6F F8...]
5529 service.turn.proxy [New I/O worker #287] TRACE proxy  - Decoded STUN attribute: UNKNOWN[4] - 00 00 0E 10 
5529 service.turn.proxy [New I/O worker #287] TRACE proxy  - Decoded STUN attribute: UNKNOWN[1] - 11 
5529 service.turn.proxy [New I/O worker #287] WARN  proxy  - Could not decode attributes
java.nio.BufferUnderflowException
	at java.nio.HeapByteBuffer.get(HeapByteBuffer.java:151)
	at org.kaazing.mina.core.buffer.AbstractIoBufferEx.get(AbstractIoBufferEx.java:654)
	at org.kaazing.mina.core.buffer.AbstractIoBufferEx.get(AbstractIoBufferEx.java:1226)
	at org.kaazing.mina.core.buffer.AbstractIoBufferEx.get(AbstractIoBufferEx.java:81)
	at org.kaazing.gateway.service.turn.proxy.stun.StunFrameDecoder.decodeAttributes(StunFrameDecoder.java:125)
	at org.kaazing.gateway.service.turn.proxy.stun.StunFrameDecoder.doDecode(StunFrameDecoder.java:90)
	at org.kaazing.mina.filter.codec.CumulativeProtocolDecoderEx.decode(CumulativeProtocolDecoderEx.java:210)
	at org.kaazing.mina.filter.codec.ProtocolCodecFilter.messageReceived(ProtocolCodecFilter.java:249)
	at org.kaazing.mina.core.filterchain.DefaultIoFilterChain.callNextMessageReceived(DefaultIoFilterChain.java:474)
	at org.kaazing.mina.core.filterchain.DefaultIoFilterChainEx.callNextMessageReceived(DefaultIoFilterChainEx.java:114)
	at org.kaazing.mina.core.filterchain.DefaultIoFilterChain$EntryImpl$1.messageReceived(DefaultIoFilterChain.java:843)
	at org.kaazing.gateway.transport.IoFilterAdapter.doMessageReceived(IoFilterAdapter.java:96)
	at org.kaazing.gateway.transport.IoFilterAdapter.messageReceived(IoFilterAdapter.java:92)
	at org.kaazing.mina.core.filterchain.DefaultIoFilterChain.callNextMessageReceived(DefaultIoFilterChain.java:474)
	at org.kaazing.mina.core.filterchain.DefaultIoFilterChainEx.callNextMessageReceived(DefaultIoFilterChainEx.java:114)
	at org.kaazing.mina.core.filterchain.DefaultIoFilterChain$EntryImpl$1.messageReceived(DefaultIoFilterChain.java:843)
	at org.apache.mina.core.filterchain.IoFilterAdapter.messageReceived(IoFilterAdapter.java:115)
	at org.kaazing.mina.core.filterchain.DefaultIoFilterChain.callNextMessageReceived(DefaultIoFilterChain.java:474)
	at org.kaazing.mina.core.filterchain.DefaultIoFilterChainEx.callNextMessageReceived(DefaultIoFilterChainEx.java:114)
	at org.kaazing.mina.core.filterchain.DefaultIoFilterChain$EntryImpl$1.messageReceived(DefaultIoFilterChain.java:843)
	at org.apache.mina.core.filterchain.IoFilterAdapter.messageReceived(IoFilterAdapter.java:115)
	at org.kaazing.mina.core.filterchain.AssertAlignedFilter.messageReceived(AssertAlignedFilter.java:94)
	at org.kaazing.mina.core.filterchain.DefaultIoFilterChain.callNextMessageReceived(DefaultIoFilterChain.java:474)
	at org.kaazing.mina.core.filterchain.DefaultIoFilterChainEx.callNextMessageReceived(DefaultIoFilterChainEx.java:114)
	at org.kaazing.mina.core.filterchain.DefaultIoFilterChain$EntryImpl$1.messageReceived(DefaultIoFilterChain.java:843)
	at org.apache.mina.core.filterchain.IoFilterAdapter.messageReceived(IoFilterAdapter.java:115)
	at org.kaazing.mina.core.filterchain.DefaultIoFilterChain.callNextMessageReceived(DefaultIoFilterChain.java:474)
	at org.kaazing.mina.core.filterchain.DefaultIoFilterChainEx.callNextMessageReceived(DefaultIoFilterChainEx.java:114)
	at org.kaazing.mina.core.filterchain.DefaultIoFilterChain.fireMessageReceived(DefaultIoFilterChain.java:466)
	at org.kaazing.mina.netty.IoSessionChannelHandler.messageReceived(IoSessionChannelHandler.java:124)
	at org.jboss.netty.channel.SimpleChannelHandler.handleUpstream(SimpleChannelHandler.java:88)
	at org.jboss.netty.channel.DefaultChannelPipeline.sendUpstream(DefaultChannelPipeline.java:564)
	at org.jboss.netty.channel.DefaultChannelPipeline.sendUpstream(DefaultChannelPipeline.java:559)
	at org.jboss.netty.channel.Channels.fireMessageReceived(Channels.java:268)
	at org.jboss.netty.channel.Channels.fireMessageReceived(Channels.java:255)
	at org.jboss.netty.channel.socket.nio.AbstractNioWorker.handleRead(AbstractNioWorker.java:692)
	at org.jboss.netty.channel.socket.nio.AbstractNioWorker$$Lambda$5/437255666.onMessage(Unknown Source)
	at uk.co.real_logic.agrona.concurrent.ringbuffer.OneToOneRingBuffer.read(OneToOneRingBuffer.java:193)
	at uk.co.real_logic.agrona.concurrent.ringbuffer.OneToOneRingBuffer.read(OneToOneRingBuffer.java:152)
	at org.jboss.netty.channel.socket.nio.AbstractNioWorker.processRead(AbstractNioWorker.java:670)
	at org.jboss.netty.channel.socket.nio.AbstractNioSelector.run(AbstractNioSelector.java:355)
	at org.jboss.netty.channel.socket.nio.AbstractNioWorker.run(AbstractNioWorker.java:144)
	at org.jboss.netty.channel.socket.nio.NioWorker.run(NioWorker.java:241)
	at org.jboss.netty.util.ThreadRenamingRunnable.run(ThreadRenamingRunnable.java:108)
	at org.jboss.netty.util.internal.DeadLockProofWorker$1.run(DeadLockProofWorker.java:42)
	at java.util.concurrent.ThreadPoolExecutor.runWorker(ThreadPoolExecutor.java:1142)
	at java.util.concurrent.ThreadPoolExecutor$Worker.run(ThreadPoolExecutor.java:617)
	at java.lang.Thread.run(Thread.java:745)
5529 transport.udp.connect [New I/O worker #295] TRACE connect  - AbstractNioConnector.connectInternal()$initializeSession(), session: (#00000034: kaazing niodatagramchannel, client, /127.0.0.1:51129 => /127.0.0.1:3479), resource: udp://127.0.0.1:3479
5529 service.turn.proxy [New I/O worker #287] WARN  proxy  - replying with error message: ERROR ALLOCATE with length: 20
5529 transport.udp.accept [New I/O worker #287] TRACE accept  - [udp#33 127.0.0.1:51126] WRITE: ERROR ALLOCATE with length: 20
5529 service.turn.proxy [New I/O worker #287] TRACE proxy  - Encoding STUN message: ERROR ALLOCATE with length: 20
5529 service.turn.proxy [New I/O worker #287] TRACE proxy  - Removed username null from transactions map
5529 service.turn.proxy [New I/O worker #287] TRACE proxy  - Encoding STUN attribute: ERROR_CODE[15] - 00 00 04 00 42 61 64 20 52 65 71 75 65 73 74 
5530 org.kaazing.gateway.service.proxy.AbstractProxyHandler [New I/O worker #295] DEBUG AbstractProxyHandler  - [34] session created ((#00000034: kaazing niodatagramchannel, client, /127.0.0.1:51129 => /127.0.0.1:3479))
5531 org.kaazing.gateway.service.turn.proxy.TurnProxyAcceptHandler [New I/O worker #295] TRACE TurnProxyAcceptHandler  - Connected to udp://localhost:3479 [(#00000033: kaazing niodatagramchannel, server, /127.0.0.1:51126 => /127.0.0.1:3478)->(#00000034: kaazing niodatagramchannel, client, /127.0.0.1:51129 => /127.0.0.1:3479)]
5531 org.kaazing.gateway.service.proxy.AbstractProxyHandler [New I/O worker #295] DEBUG AbstractProxyHandler  - [33->34] attaching sessions
5531 transport.udp.connect [New I/O worker #295] INFO  connect  - [udp#34 127.0.0.1:51129] OPENED: (#00000034: kaazing niodatagramchannel, client, /127.0.0.1:51129 => /127.0.0.1:3479)
15834 org.kaazing.gateway.server.context.resolve.DefaultConnectOptionsContext [main] TRACE DefaultConnectOptionsContext  - Connect options map = {protocolVersion=RFC_6455, ws.inactivityTimeout=0, http[http/1.1].keepAliveTimeout=30, http[http/1.1].keepAlive=true, ssl.encryptionEnabled=true, ssl.wantClientAuth=false, ssl.needClientAuth=false}
15844 transport.udp.accept [New I/O worker #287] INFO  accept  - [udp#33 127.0.0.1:51126] CLOSED: (#00000033: kaazing niodatagramchannel, server, /127.0.0.1:51126 => /127.0.0.1:3478)
15844 org.kaazing.gateway.service.proxy.AbstractProxyHandler [New I/O worker #287] DEBUG AbstractProxyHandler  - [33] session closed
15844 org.kaazing.gateway.service.proxy.AbstractProxyHandler [New I/O worker #287] DEBUG AbstractProxyHandler  - [33->34] detaching sessions
15846 transport.udp.connect [New I/O worker #295] INFO  connect  - [udp#34 127.0.0.1:51129] CLOSED: (#00000034: kaazing niodatagramchannel, client, /127.0.0.1:51129 => /127.0.0.1:3479)
15846 org.kaazing.gateway.service.proxy.AbstractProxyHandler [New I/O worker #295] DEBUG AbstractProxyHandler  - [34] session closed
15867 org.kaazing.gateway.server.Gateway [main] INFO  Gateway  - Stopping server
15867 org.kaazing.gateway.server.Gateway [main] INFO  Gateway  - Stopping services
15867 org.kaazing.gateway.server.Gateway [main] INFO  Gateway  -   udp://localhost:3478
15867 org.kaazing.gateway.server.Gateway [main] INFO  Gateway  - Stopped services
15867 org.kaazing.gateway.server.Gateway [main] INFO  Gateway  - Stopped server successfully in 0.034 secs at 2016-09-05 16:13:46
=================== END STORED LOG MESSAGES ===========================
shouldSucceedWithCorrectAllocation[1](org.kaazing.gateway.service.turn.proxy.AllocationsIT) starting
AllocationsIT.shouldSucceedWithCorrectAllocation[1] success (0.27 secs)
Tests run: 20, Failures: 1, Errors: 0, Skipped: 2, Time elapsed: 17.249 sec <<< FAILURE! - in org.kaazing.gateway.service.turn.proxy.AllocationsIT
shouldGive400WithIncorrectLength[1](org.kaazing.gateway.service.turn.proxy.AllocationsIT)  Time elapsed: 10.444 sec  <<< FAILURE!
org.junit.ComparisonFailure: 
Specified behavior did not match expected:<...accept ${acceptURI}
[accepted
connected]

# Bad request shou...> but was:<...accept ${acceptURI}
[]

# Bad request shou...>
	at org.kaazing.gateway.service.turn.proxy.AllocationsIT.shouldGive400WithIncorrectLength(AllocationsIT.java:165)

Running org.kaazing.gateway.service.turn.proxy.MappedAutoIT
shouldPassWithDefaultTurnProtocolTest[0](org.kaazing.gateway.service.turn.proxy.MappedAutoIT) starting
MappedAutoIT.shouldPassWithDefaultTurnProtocolTest[0] success (0.31 secs)
shouldPassWithDefaultTurnProtocolTest[1](org.kaazing.gateway.service.turn.proxy.MappedAutoIT) starting
MappedAutoIT.shouldPassWithDefaultTurnProtocolTest[1] success (0.31 secs)
Tests run: 2, Failures: 0, Errors: 0, Skipped: 0, Time elapsed: 0.551 sec - in org.kaazing.gateway.service.turn.proxy.MappedAutoIT
Running org.kaazing.gateway.service.turn.proxy.MaskingIT
shouldPassWithDefaultTurnProtocolTest[0](org.kaazing.gateway.service.turn.proxy.MaskingIT) starting
MaskingIT.shouldPassWithDefaultTurnProtocolTest[0] success (0.38 secs)
shouldPassWithDefaultTurnProtocolTest[1](org.kaazing.gateway.service.turn.proxy.MaskingIT) starting
MaskingIT.shouldPassWithDefaultTurnProtocolTest[1] success (0.30 secs)
Tests run: 2, Failures: 0, Errors: 0, Skipped: 0, Time elapsed: 0.682 sec - in org.kaazing.gateway.service.turn.proxy.MaskingIT
Running org.kaazing.gateway.service.turn.proxy.PeerConnectionIT
shouldRespond400ToNoPeerAddressInPermissionRequest[0](org.kaazing.gateway.service.turn.proxy.PeerConnectionIT) starting
PeerConnectionIT.shouldRespond400ToNoPeerAddressInPermissionRequest[0] success (0.37 secs)
shouldRespond400ToInvalidChannelNumber[0](org.kaazing.gateway.service.turn.proxy.PeerConnectionIT) starting
PeerConnectionIT.shouldRespond400ToInvalidChannelNumber[0] success (0.27 secs)
shouldRespond400ToNoChannelNumberInBindingRequest[0](org.kaazing.gateway.service.turn.proxy.PeerConnectionIT) starting
PeerConnectionIT.shouldRespond400ToNoChannelNumberInBindingRequest[0] success (0.16 secs)
shouldSuccessfullySendData[0](org.kaazing.gateway.service.turn.proxy.PeerConnectionIT) starting
PeerConnectionIT.shouldSuccessfullySendData[0] success (0.37 secs)
shouldSucceedWithCorrectTURNProcess[0](org.kaazing.gateway.service.turn.proxy.PeerConnectionIT) starting
PeerConnectionIT.shouldSucceedWithCorrectTURNProcess[0] success (0.28 secs)
shouldRespond400ToNoPeerAddressInBindingRequest[0](org.kaazing.gateway.service.turn.proxy.PeerConnectionIT) starting
PeerConnectionIT.shouldRespond400ToNoPeerAddressInBindingRequest[0] success (0.36 secs)
shouldRespond400ToNoPeerAddressInPermissionRequest[1](org.kaazing.gateway.service.turn.proxy.PeerConnectionIT) starting
PeerConnectionIT.shouldRespond400ToNoPeerAddressInPermissionRequest[1] success (0.29 secs)
shouldRespond400ToInvalidChannelNumber[1](org.kaazing.gateway.service.turn.proxy.PeerConnectionIT) starting
PeerConnectionIT.shouldRespond400ToInvalidChannelNumber[1] success (0.28 secs)
shouldRespond400ToNoChannelNumberInBindingRequest[1](org.kaazing.gateway.service.turn.proxy.PeerConnectionIT) starting
PeerConnectionIT.shouldRespond400ToNoChannelNumberInBindingRequest[1] success (0.47 secs)
shouldSuccessfullySendData[1](org.kaazing.gateway.service.turn.proxy.PeerConnectionIT) starting
PeerConnectionIT.shouldSuccessfullySendData[1] success (0.38 secs)
shouldSucceedWithCorrectTURNProcess[1](org.kaazing.gateway.service.turn.proxy.PeerConnectionIT) starting
PeerConnectionIT.shouldSucceedWithCorrectTURNProcess[1] success (0.13 secs)
shouldRespond400ToNoPeerAddressInBindingRequest[1](org.kaazing.gateway.service.turn.proxy.PeerConnectionIT) starting
PeerConnectionIT.shouldRespond400ToNoPeerAddressInBindingRequest[1] success (0.37 secs)
Tests run: 12, Failures: 0, Errors: 0, Skipped: 0, Time elapsed: 3.799 sec - in org.kaazing.gateway.service.turn.proxy.PeerConnectionIT
Running org.kaazing.gateway.service.turn.proxy.TurnProxyIT
shouldPassWithDefaultTurnProtocolTest[0](org.kaazing.gateway.service.turn.proxy.TurnProxyIT) starting
TurnProxyIT.shouldPassWithDefaultTurnProtocolTest[0] success (0.16 secs)
shouldPassWithDefaultTurnProtocolTest[1](org.kaazing.gateway.service.turn.proxy.TurnProxyIT) starting
TurnProxyIT.shouldPassWithDefaultTurnProtocolTest[1] success (0.39 secs)
Tests run: 2, Failures: 0, Errors: 0, Skipped: 0, Time elapsed: 0.538 sec - in org.kaazing.gateway.service.turn.proxy.TurnProxyIT

Results :

Failed tests: 
  AllocationsIT.shouldGive400WithIncorrectLength[1] Specified behavior did not match expected:<...accept ${acceptURI}
[accepted
connected]

# Bad request shou...> but was:<...accept ${acceptURI}
[]

# Bad request shou...>

Tests run: 38, Failures: 1, Errors: 0, Skipped: 2

[INFO] 
[INFO] --- k3po-maven-plugin:3.0.0-alpha-41:stop (default) @ gateway.service.turn.proxy ---
[INFO] 
[INFO] --- maven-failsafe-plugin:2.19.1:verify (default) @ gateway.service.turn.proxy ---
[INFO] ------------------------------------------------------------------------
[INFO] BUILD FAILURE
[INFO] ------------------------------------------------------------------------
[INFO] Total time: 32.341 s
[INFO] Finished at: 2016-09-05T16:13:52+03:00
[INFO] Final Memory: 43M/780M
[INFO] ------------------------------------------------------------------------
[ERROR] Failed to execute goal org.apache.maven.plugins:maven-failsafe-plugin:2.19.1:verify (default) on project gateway.service.turn.proxy: There are test failures.
[ERROR] 
[ERROR] Please refer to D:\newKaazing\my_repos\gateway\service\turn.proxy\target\surefire-reports for the individual test results.
[ERROR] -> [Help 1]
[ERROR] 
[ERROR] To see the full stack trace of the errors, re-run Maven with the -e switch.
[ERROR] Re-run Maven using the -X switch to enable full debug logging.
[ERROR] 
[ERROR] For more information about the errors and possible solutions, please read the following articles:
[ERROR] [Help 1] http://cwiki.apache.org/confluence/display/MAVEN/MojoFailureException
